? .deps
? .libs
? BTJmodel.lo
? BTXmodel.lo
? BTmodel.lo
? DDGRmodel.lo
? DDHmodel.lo
? DDKmodel.lo
? DDSmodel.lo
? DDmodel.lo
? ELL1Hmodel.lo
? ELL1model.lo
? ELL1plusmodel.C
? ELL1plusmodel.lo
? GWsim.lo
? MSSmodel.lo
? Makefile
? Makefile.in
? T2-PTAmodel.lo
? T2accel.lo
? T2model.lo
? T2plusmodel.C
? T2plusmodel.lo
? T2toolkit.lo
? TKcholesky.h
? TKfit.lo
? TKlog.lo
? TKmatrix.lo
? TKspectrum.lo
? TKsvd.lo
? aclocal.m4
? autoconf
? autom4te.cache
? bootstrap.lo
? calculate_bclt.lo
? cheby2d_int.lo
? cholesky.lo
? choleskyAutomatic.lo
? choleskyRoutines.lo
? clkcorr.lo
? config
? config.h
? config.h.in
? config.log
? config.status
? configure
? constraints.lo
? displayParameters.lo
? dm_delays.lo
? doFit.lo
? dynarr.lo
? eop.lo
? formBats.lo
? formResiduals.lo
? getInputs.lo
? get_obsCoord.lo
? global.lo
? ifteph.lo
? initialise.lo
? libt2toolkit.la
? libtempo2.la
? libtempo2_la-cheby2d.lo
? libtempo2_la-jpleph.lo
? libtempo2_la-t1polyco.lo
? libtempo2_la-tempo2pred.lo
? libtempo2pred.la
? libtempo2pred_la-cheby2d.lo
? libtempo2pred_la-t1polyco.lo
? libtempo2pred_la-tempo2pred.lo
? libtool
? observatory.lo
? polyco.lo
? preProcess.lo
? preProcessSimple.lo
? readEphemeris.lo
? readEphemeris_calceph.lo
? readJBO_bat.lo
? readParfile.lo
? readTimfile.lo
? secularMotion.lo
? shapiro_delay.lo
? sortToAs.lo
? stamp-h1
? storePrecision.lo
? sw_delay.lo
? t2toolkit_global.lo
? tabulatedfunction.lo
? tai2tt.lo
? tai2ut1.lo
? tempo2
? tempo2Util.lo
? textOutput.lo
? toa2utc.lo
? tropo.lo
? tt2tdb.lo
? units.lo
? update.log
? utc2tai.lo
? vectorPulsar.lo
? T2runtime/bin
? T2runtime/include
? T2runtime/lib
? T2runtime/plugins
? plugin/.deps
? plugin/.libs
? plugin/GWanisobkgrd_linux-gnu_plug.la
? plugin/GWanisobkgrd_linux-gnu_plug_la-GWanisobkgrd_plug.lo
? plugin/GWbkgrd_linux-gnu_plug.la
? plugin/GWbkgrd_linux-gnu_plug_la-GWbkgrd_plug.lo
? plugin/GWbkgrdfromfile_linux-gnu_plug.la
? plugin/GWbkgrdfromfile_linux-gnu_plug_la-GWbkgrdfromfile_plug.lo
? plugin/GWdipolebkgrd_linux-gnu_plug.la
? plugin/GWdipolebkgrd_linux-gnu_plug_la-GWdipolebkgrd_plug.lo
? plugin/GWgeneralanisobkgrd_linux-gnu_plug.la
? plugin/GWgeneralanisobkgrd_linux-gnu_plug_la-GWgeneralanisobkgrd_plug.lo
? plugin/GWgeneralbkgrd_linux-gnu_plug.la
? plugin/GWgeneralbkgrd_linux-gnu_plug_la-GWgeneralbkgrd_plug.lo
? plugin/Makefile
? plugin/Makefile.in
? plugin/add_pulseNumber_linux-gnu_plug.la
? plugin/add_pulseNumber_plug.lo
? plugin/analyticChol_linux-gnu_plug.la
? plugin/analyticChol_plug.lo
? plugin/applet_linux-gnu_plug.la
? plugin/applet_plug.lo
? plugin/autoDM_linux-gnu_plug.la
? plugin/autoDM_plug.lo
? plugin/autoSpectralFit_linux-gnu_plug.la
? plugin/autoSpectralFit_plug.lo
? plugin/bary_linux-gnu_plug.la
? plugin/bary_plug.lo
? plugin/basic_linux-gnu_plug.la
? plugin/basic_linux-gnu_plug_la-basic_plug.lo
? plugin/build_settings
? plugin/cholSpectra_linux-gnu_plug.la
? plugin/cholSpectra_plug.lo
? plugin/clock_linux-gnu_plug.la
? plugin/clock_linux-gnu_plug_la-clock_plug.lo
? plugin/compareDsets_linux-gnu_plug.la
? plugin/compareDsets_linux-gnu_plug_la-compareDsets_plug.lo
? plugin/delays_linux-gnu_plug.la
? plugin/delays_linux-gnu_plug_la-delays_plug.lo
? plugin/designmatrix_linux-gnu_plug.la
? plugin/designmatrix_plug.lo
? plugin/detectGWB_linux-gnu_plug.la
? plugin/detectGWB_plug.lo
? plugin/detectGWBnew_linux-gnu_plug.la
? plugin/detectGWBnew_plug.lo
? plugin/dm_linux-gnu_plug.la
? plugin/dm_linux-gnu_plug_la-dm_plug.lo
? plugin/dmmodel_fitFunc_linux-gnu_plug.la
? plugin/dmmodel_fitFunc_plug.lo
? plugin/efacEquad_linux-gnu_plug.la
? plugin/efacEquad_linux-gnu_plug_la-efacEquad_plug.lo
? plugin/fake_linux-gnu_plug.la
? plugin/fake_plug.lo
? plugin/fermi_linux-gnu_plug.la
? plugin/fermi_linux-gnu_plug_la-fermi_plug.lo
? plugin/findCW_linux-gnu_plug.la
? plugin/findCW_linux-gnu_plug_la-findCW_plug.lo
? plugin/findCWs_linux-gnu_plug.la
? plugin/findCWs_linux-gnu_plug_la-findCWs_plug.lo
? plugin/fixData_linux-gnu_plug.la
? plugin/fixData_linux-gnu_plug_la-fixData_plug.lo
? plugin/general2_linux-gnu_plug.la
? plugin/general2_plug.lo
? plugin/general_linux-gnu_plug.la
? plugin/general_plug.lo
? plugin/glast_linux-gnu_plug.la
? plugin/glast_linux-gnu_plug_la-glast_plug.lo
? plugin/glitch_linux-gnu_plug.la
? plugin/glitch_linux-gnu_plug_la-glitch_plug.lo
? plugin/grTemplate_linux-gnu_plug.la
? plugin/grTemplate_linux-gnu_plug_la-grTemplate_plug.lo
? plugin/interpolate_linux-gnu_plug.la
? plugin/interpolate_linux-gnu_plug_la-interpolate_plug.lo
? plugin/matrix_linux-gnu_plug.la
? plugin/matrix_plug.lo
? plugin/photons_linux-gnu_plug.la
? plugin/photons_linux-gnu_plug_la-photons_plug.lo
? plugin/planet_linux-gnu_plug.la
? plugin/planet_linux-gnu_plug_la-planet_plug.lo
? plugin/plk_linux-gnu_plug.la
? plugin/plk_linux-gnu_plug_la-plk_plug.lo
? plugin/plotMany_linux-gnu_plug.la
? plugin/plotMany_linux-gnu_plug_la-plotMany_plug.lo
? plugin/ppta_linux-gnu_splug.la
? plugin/ppta_splug.lo
? plugin/publish_linux-gnu_plug.la
? plugin/publish_plug.lo
? plugin/simRedNoise_linux-gnu_plug.la
? plugin/simRedNoise_plug.lo
? plugin/simulDM_linux-gnu_plug.la
? plugin/simulDM_linux-gnu_plug_la-simulDM_plug.lo
? plugin/spectralModel_linux-gnu_plug.la
? plugin/spectralModel_linux-gnu_plug_la-spectralModel_plug.lo
? plugin/spectrum_linux-gnu_plug.la
? plugin/spectrum_linux-gnu_plug_la-spectrum_plug.lo
? plugin/splk_linux-gnu_plug.la
? plugin/splk_linux-gnu_plug_la-splk_plug.lo
? plugin/transform_linux-gnu_plug.la
? plugin/transform_plug.lo
? sofa/.libs
? sofa/Makefile
? sofa/Makefile.in
? sofa/libsofa.la
? sofa/libsofa_la-a2af.lo
? sofa/libsofa_la-a2tf.lo
? sofa/libsofa_la-anp.lo
? sofa/libsofa_la-anpm.lo
? sofa/libsofa_la-bi00.lo
? sofa/libsofa_la-bp00.lo
? sofa/libsofa_la-bpn2xy.lo
? sofa/libsofa_la-c2i00a.lo
? sofa/libsofa_la-c2i00b.lo
? sofa/libsofa_la-c2ibpn.lo
? sofa/libsofa_la-c2ixy.lo
? sofa/libsofa_la-c2ixys.lo
? sofa/libsofa_la-c2s.lo
? sofa/libsofa_la-c2t00a.lo
? sofa/libsofa_la-c2t00b.lo
? sofa/libsofa_la-c2tceo.lo
? sofa/libsofa_la-c2teqx.lo
? sofa/libsofa_la-c2tpe.lo
? sofa/libsofa_la-c2txy.lo
? sofa/libsofa_la-cal2jd.lo
? sofa/libsofa_la-cp.lo
? sofa/libsofa_la-cpv.lo
? sofa/libsofa_la-cr.lo
? sofa/libsofa_la-d2tf.lo
? sofa/libsofa_la-dat.lo
? sofa/libsofa_la-dtdb.lo
? sofa/libsofa_la-ee00.lo
? sofa/libsofa_la-ee00a.lo
? sofa/libsofa_la-ee00b.lo
? sofa/libsofa_la-eect00.lo
? sofa/libsofa_la-epb.lo
? sofa/libsofa_la-epb2jd.lo
? sofa/libsofa_la-epj.lo
? sofa/libsofa_la-epj2jd.lo
? sofa/libsofa_la-epv00.lo
? sofa/libsofa_la-eqeq94.lo
? sofa/libsofa_la-era00.lo
? sofa/libsofa_la-fk52h.lo
? sofa/libsofa_la-fk5hip.lo
? sofa/libsofa_la-fk5hz.lo
? sofa/libsofa_la-gmst00.lo
? sofa/libsofa_la-gmst82.lo
? sofa/libsofa_la-gst00a.lo
? sofa/libsofa_la-gst00b.lo
? sofa/libsofa_la-gst94.lo
? sofa/libsofa_la-h2fk5.lo
? sofa/libsofa_la-hfk5z.lo
? sofa/libsofa_la-ir.lo
? sofa/libsofa_la-jd2cal.lo
? sofa/libsofa_la-jdcalf.lo
? sofa/libsofa_la-num00a.lo
? sofa/libsofa_la-num00b.lo
? sofa/libsofa_la-numat.lo
? sofa/libsofa_la-nut00a.lo
? sofa/libsofa_la-nut00b.lo
? sofa/libsofa_la-nut80.lo
? sofa/libsofa_la-nutm80.lo
? sofa/libsofa_la-obl80.lo
? sofa/libsofa_la-p2pv.lo
? sofa/libsofa_la-p2s.lo
? sofa/libsofa_la-pap.lo
? sofa/libsofa_la-pas.lo
? sofa/libsofa_la-pdp.lo
? sofa/libsofa_la-plan94.lo
? sofa/libsofa_la-pm.lo
? sofa/libsofa_la-pmat00.lo
? sofa/libsofa_la-pmat76.lo
? sofa/libsofa_la-pmp.lo
? sofa/libsofa_la-pn.lo
? sofa/libsofa_la-pn00.lo
? sofa/libsofa_la-pn00a.lo
? sofa/libsofa_la-pn00b.lo
? sofa/libsofa_la-pnm00a.lo
? sofa/libsofa_la-pnm00b.lo
? sofa/libsofa_la-pnm80.lo
? sofa/libsofa_la-pom00.lo
? sofa/libsofa_la-ppp.lo
? sofa/libsofa_la-ppsp.lo
? sofa/libsofa_la-pr00.lo
? sofa/libsofa_la-prec76.lo
? sofa/libsofa_la-pv2p.lo
? sofa/libsofa_la-pv2s.lo
? sofa/libsofa_la-pvdpv.lo
? sofa/libsofa_la-pvm.lo
? sofa/libsofa_la-pvmpv.lo
? sofa/libsofa_la-pvppv.lo
? sofa/libsofa_la-pvstar.lo
? sofa/libsofa_la-pvu.lo
? sofa/libsofa_la-pvup.lo
? sofa/libsofa_la-pvxpv.lo
? sofa/libsofa_la-pxp.lo
? sofa/libsofa_la-rm2v.lo
? sofa/libsofa_la-rv2m.lo
? sofa/libsofa_la-rx.lo
? sofa/libsofa_la-rxp.lo
? sofa/libsofa_la-rxpv.lo
? sofa/libsofa_la-rxr.lo
? sofa/libsofa_la-ry.lo
? sofa/libsofa_la-rz.lo
? sofa/libsofa_la-s00.lo
? sofa/libsofa_la-s00a.lo
? sofa/libsofa_la-s00b.lo
? sofa/libsofa_la-s2c.lo
? sofa/libsofa_la-s2p.lo
? sofa/libsofa_la-s2pv.lo
? sofa/libsofa_la-s2xpv.lo
? sofa/libsofa_la-sepp.lo
? sofa/libsofa_la-seps.lo
? sofa/libsofa_la-sp00.lo
? sofa/libsofa_la-starpm.lo
? sofa/libsofa_la-starpv.lo
? sofa/libsofa_la-sxp.lo
? sofa/libsofa_la-sxpv.lo
? sofa/libsofa_la-tr.lo
? sofa/libsofa_la-trxp.lo
? sofa/libsofa_la-trxpv.lo
? sofa/libsofa_la-xys00a.lo
? sofa/libsofa_la-xys00b.lo
? sofa/libsofa_la-zp.lo
? sofa/libsofa_la-zpv.lo
? sofa/libsofa_la-zr.lo
? temponest/.deps
? temponest/Makefile
? temponest/Makefile.in
? unsupported_plugins/Makefile
? unsupported_plugins/Makefile.in
? unsupported_plugins/glast/.deps
? unsupported_plugins/glast/Makefile
? unsupported_plugins/glast/Makefile.in
? unsupported_plugins/ppta/.deps
? unsupported_plugins/ppta/Makefile
? unsupported_plugins/ppta/Makefile.in
? unsupported_plugins/toasim/.deps
? unsupported_plugins/toasim/Makefile
? unsupported_plugins/toasim/Makefile.in
cvs update: Updating .
M Makefile.am
M doFit.C
M formResiduals.C
M tempo2.h
cvs update: Updating T2runtime
cvs update: Updating T2runtime/atmosphere
cvs update: Updating T2runtime/clock
cvs update: Updating T2runtime/earth
cvs update: Updating T2runtime/ephemeris
cvs update: Updating T2runtime/include
cvs update: Updating T2runtime/lib
cvs update: Updating T2runtime/observatory
cvs update: Updating T2runtime/plugin_data
cvs update: Updating T2runtime/plugins
cvs update: Updating T2runtime/solarWindModel
cvs update: Updating autoconf.boot
cvs update: Updating documentation
cvs update: Updating documentation/GWAnisPlugin
cvs update: Updating documentation/TempoNest
cvs update: Updating documentation/developers
cvs update: Updating documentation/generalUser
cvs update: Updating plugin
P plugin/general2_plug.C
cvs update: Updating plugin/plugin_lists
cvs update: Updating sofa
cvs update: Updating temponest
cvs update: Updating temponest/Examples
cvs update: Updating temponest/Examples/Example1
cvs update: Updating temponest/Examples/Example2
cvs update: Updating temponest/Examples/Example3
cvs update: Updating temponest/manual
cvs update: Updating temponest/multinest
cvs update: Updating unsupported_plugins
cvs update: Updating unsupported_plugins/built_plugins
cvs update: Updating unsupported_plugins/glast
cvs update: Updating unsupported_plugins/ppta
cvs update: Updating unsupported_plugins/toasim
cvs update: Updating web
